<?xml version="1.0" encoding="UTF-8"?>
<!-- Generated by org.testng.reporters.JUnitXMLReporter -->
<testsuite hostname="EPBYBREW0280" ignored="0" tests="23" failures="1" timestamp="02 Feb 2017 11:00:19 GMT" time="170.759" errors="0">
  <testcase name="AlbumTest" time="32.14" classname="MainIndependent"/>
  <testcase name="AuthorsLinkTest" time="5.21" classname="MainIndependent"/>
  <testcase name="DetailsAuthorTest" time="3.256" classname="MainIndependent"/>
  <testcase name="DetailsCameraTest" time="3.419" classname="MainIndependent"/>
  <testcase name="DetailsDateTest" time="3.288" classname="MainIndependent"/>
  <testcase name="DetailsFollowTest" time="3.679" classname="MainIndependent"/>
  <testcase name="DetailsNumbersTest" time="3.599" classname="MainIndependent"/>
  <testcase name="DetailsRightsTest" time="3.222" classname="MainIndependent"/>
  <testcase name="DetailsTagsTest" time="3.538" classname="MainIndependent"/>
  <testcase name="DetailsTitleTest" time="3.282" classname="MainIndependent"/>
  <testcase name="ExploreLinkAndPhotoTest" time="13.467" classname="MainIndependent">
    <failure type="java.lang.AssertionError" message="Not each photo passes test! expected [50] but found [20]">
      <![CDATA[java.lang.AssertionError: Not each photo passes test! expected [50] but found [20]
	at MainIndependent.ExploreLinkAndPhotoTest(MainIndependent.java:69)
	at java.util.concurrent.FutureTask.run(FutureTask.java:266)
	at java.util.concurrent.ThreadPoolExecutor.runWorker(ThreadPoolExecutor.java:1142)
	at java.util.concurrent.ThreadPoolExecutor$Worker.run(ThreadPoolExecutor.java:617)
	at java.lang.Thread.run(Thread.java:745)
... Removed 21 stack frames]]>
    </failure>
  </testcase> <!-- ExploreLinkAndPhotoTest -->
  <testcase name="GalleriesTestItems" time="9.537" classname="MainIndependent"/>
  <testcase name="GalleriesTestURL" time="8.907" classname="MainIndependent"/>
  <testcase name="GroupsTestRecommendedGroups" time="4.555" classname="MainIndependent"/>
  <testcase name="GroupsTestURL" time="7.696" classname="MainIndependent"/>
  <testcase name="MainMenuItemsContTest" time="2.615" classname="MainIndependent"/>
  <testcase name="MainMenuItemsTest" time="3.003" classname="MainIndependent"/>
  <testcase name="MainPageTitleTest" time="3.555" classname="MainIndependent"/>
  <testcase name="NavigateToDetailsTest" time="7.792" classname="MainIndependent"/>
  <testcase name="SearchTestPhoto" time="9.821" classname="MainIndependent"/>
  <testcase name="SearchTestUrl" time="6.158" classname="MainIndependent"/>
  <testcase name="SubMenuItemsTest" time="2.39" classname="MainIndependent"/>
  <testcase name="YouLinkAndNameTest" time="5.205" classname="MainIndependent"/>
</testsuite>
