<?xml version="1.0" encoding="UTF-8"?>
<!-- Generated by org.testng.reporters.JUnitXMLReporter -->
<testsuite hostname="EPBYBREW0280" ignored="0" tests="23" failures="0" timestamp="08 Feb 2017 07:33:11 GMT" time="3.056" errors="0">
  <testcase name="@BeforeTest LoginTest" time="0.0" classname="Conditions">
    <failure type="org.openqa.selenium.NoSuchWindowException" message="no such window: target window already closed
from unknown error: web view not found
  (Session info: chrome=56.0.2924.87)
  (Driver info: chromedriver=2.25.426923 (0390b88869384d6eb0d5d09729679f934aab9eed),platform=Windows NT 10.0.14393 x86_64) (WARNING: The server did not provide any stacktrace information)
Command duration or timeout: 3 milliseconds
Build info: version: &amp;apos;2.53.1&amp;apos;, revision: &amp;apos;a36b8b1cd5757287168e54b817830adce9b0158d&amp;apos;, time: &amp;apos;2016-06-30 19:26:09&amp;apos;
System info: host: &amp;apos;EPBYBREW0280&amp;apos;, ip: &amp;apos;10.26.13.195&amp;apos;, os.name: &amp;apos;Windows 10&amp;apos;, os.arch: &amp;apos;amd64&amp;apos;, os.version: &amp;apos;10.0&amp;apos;, java.version: &amp;apos;1.8.0_112&amp;apos;
Driver info: org.openqa.selenium.chrome.ChromeDriver
Capabilities [{applicationCacheEnabled=false, rotatable=false, mobileEmulationEnabled=false, networkConnectionEnabled=false, chrome={chromedriverVersion=2.25.426923 (0390b88869384d6eb0d5d09729679f934aab9eed), userDataDir=C:\Users\ULADZI~1\AppData\Local\Temp\scoped_dir7392_21963}, takesHeapSnapshot=true, pageLoadStrategy=normal, databaseEnabled=false, handlesAlerts=true, hasTouchScreen=false, version=56.0.2924.87, platform=XP, browserConnectionEnabled=false, nativeEvents=true, acceptSslCerts=true, locationContextEnabled=true, webStorageEnabled=true, browserName=chrome, takesScreenshot=true, javascriptEnabled=true, cssSelectorsEnabled=true}]
Session ID: 81a47849a1d5f7adf19d3ba508111af5
*** Element info: {Using=xpath, value=//a[@data-track=&amp;apos;gnSignin&amp;apos;]}">
      <![CDATA[org.openqa.selenium.NoSuchWindowException: no such window: target window already closed
from unknown error: web view not found
  (Session info: chrome=56.0.2924.87)
  (Driver info: chromedriver=2.25.426923 (0390b88869384d6eb0d5d09729679f934aab9eed),platform=Windows NT 10.0.14393 x86_64) (WARNING: The server did not provide any stacktrace information)
Command duration or timeout: 3 milliseconds
Build info: version: '2.53.1', revision: 'a36b8b1cd5757287168e54b817830adce9b0158d', time: '2016-06-30 19:26:09'
System info: host: 'EPBYBREW0280', ip: '10.26.13.195', os.name: 'Windows 10', os.arch: 'amd64', os.version: '10.0', java.version: '1.8.0_112'
Driver info: org.openqa.selenium.chrome.ChromeDriver
Capabilities [{applicationCacheEnabled=false, rotatable=false, mobileEmulationEnabled=false, networkConnectionEnabled=false, chrome={chromedriverVersion=2.25.426923 (0390b88869384d6eb0d5d09729679f934aab9eed), userDataDir=C:\Users\ULADZI~1\AppData\Local\Temp\scoped_dir7392_21963}, takesHeapSnapshot=true, pageLoadStrategy=normal, databaseEnabled=false, handlesAlerts=true, hasTouchScreen=false, version=56.0.2924.87, platform=XP, browserConnectionEnabled=false, nativeEvents=true, acceptSslCerts=true, locationContextEnabled=true, webStorageEnabled=true, browserName=chrome, takesScreenshot=true, javascriptEnabled=true, cssSelectorsEnabled=true}]
Session ID: 81a47849a1d5f7adf19d3ba508111af5
*** Element info: {Using=xpath, value=//a[@data-track='gnSignin']}
	at org.openqa.selenium.remote.ErrorHandler.createThrowable(ErrorHandler.java:206)
	at org.openqa.selenium.remote.ErrorHandler.throwIfResponseFailed(ErrorHandler.java:158)
	at org.openqa.selenium.remote.RemoteWebDriver.execute(RemoteWebDriver.java:678)
	at org.openqa.selenium.remote.RemoteWebDriver.findElement(RemoteWebDriver.java:363)
	at org.openqa.selenium.remote.RemoteWebDriver.findElementByXPath(RemoteWebDriver.java:500)
	at org.openqa.selenium.By$ByXPath.findElement(By.java:361)
	at org.openqa.selenium.remote.RemoteWebDriver.findElement(RemoteWebDriver.java:355)
	at org.openqa.selenium.support.pagefactory.DefaultElementLocator.findElement(DefaultElementLocator.java:69)
	at org.openqa.selenium.support.pagefactory.internal.LocatingElementHandler.invoke(LocatingElementHandler.java:38)
	at com.sun.proxy.$Proxy8.click(Unknown Source)
	at pageObjects.LoginPage.loginClick(LoginPage.java:21)
	at Conditions.LoginTest(Conditions.java:42)
	at java.util.concurrent.FutureTask.run(FutureTask.java:266)
	at java.util.concurrent.ThreadPoolExecutor.runWorker(ThreadPoolExecutor.java:1142)
	at java.util.concurrent.ThreadPoolExecutor$Worker.run(ThreadPoolExecutor.java:617)
	at java.lang.Thread.run(Thread.java:745)
... Removed 18 stack frames]]>
    </failure>
  </testcase> <!-- @BeforeTest LoginTest -->
  <testcase name="@AfterTest cleanUp" time="0.0" classname="Conditions">
    <skipped/>
  </testcase> <!-- @AfterTest cleanUp -->
  <testcase name="AlbumTest" time="0.001" classname="MainIndependent">
    <skipped/>
  </testcase> <!-- AlbumTest -->
  <testcase name="AuthorsLinkTest" time="0.0" classname="MainIndependent">
    <skipped/>
  </testcase> <!-- AuthorsLinkTest -->
  <testcase name="DetailsAuthorTest" time="0.0" classname="MainIndependent">
    <skipped/>
  </testcase> <!-- DetailsAuthorTest -->
  <testcase name="DetailsCameraTest" time="0.0" classname="MainIndependent">
    <skipped/>
  </testcase> <!-- DetailsCameraTest -->
  <testcase name="DetailsDateTest" time="0.001" classname="MainIndependent">
    <skipped/>
  </testcase> <!-- DetailsDateTest -->
  <testcase name="DetailsFollowTest" time="0.0" classname="MainIndependent">
    <skipped/>
  </testcase> <!-- DetailsFollowTest -->
  <testcase name="DetailsNumbersTest" time="0.001" classname="MainIndependent">
    <skipped/>
  </testcase> <!-- DetailsNumbersTest -->
  <testcase name="DetailsRightsTest" time="0.001" classname="MainIndependent">
    <skipped/>
  </testcase> <!-- DetailsRightsTest -->
  <testcase name="DetailsTagsTest" time="0.001" classname="MainIndependent">
    <skipped/>
  </testcase> <!-- DetailsTagsTest -->
  <testcase name="DetailsTitleTest" time="0.0" classname="MainIndependent">
    <skipped/>
  </testcase> <!-- DetailsTitleTest -->
  <testcase name="ExploreLinkAndPhotoTest" time="0.0" classname="MainIndependent">
    <skipped/>
  </testcase> <!-- ExploreLinkAndPhotoTest -->
  <testcase name="GalleriesTestItems" time="0.0" classname="MainIndependent">
    <skipped/>
  </testcase> <!-- GalleriesTestItems -->
  <testcase name="GalleriesTestURL" time="0.0" classname="MainIndependent">
    <skipped/>
  </testcase> <!-- GalleriesTestURL -->
  <testcase name="GroupsTestRecommendedGroups" time="0.001" classname="MainIndependent">
    <skipped/>
  </testcase> <!-- GroupsTestRecommendedGroups -->
  <testcase name="GroupsTestURL" time="0.0" classname="MainIndependent">
    <skipped/>
  </testcase> <!-- GroupsTestURL -->
  <testcase name="MainMenuItemsContTest" time="0.0" classname="MainIndependent">
    <skipped/>
  </testcase> <!-- MainMenuItemsContTest -->
  <testcase name="MainMenuItemsTest" time="0.003" classname="MainIndependent">
    <skipped/>
  </testcase> <!-- MainMenuItemsTest -->
  <testcase name="MainPageTitleTest" time="0.002" classname="MainIndependent">
    <skipped/>
  </testcase> <!-- MainPageTitleTest -->
  <testcase name="NavigateToDetailsTest" time="0.0" classname="MainIndependent">
    <skipped/>
  </testcase> <!-- NavigateToDetailsTest -->
  <testcase name="SearchTestPhoto" time="0.0" classname="MainIndependent">
    <skipped/>
  </testcase> <!-- SearchTestPhoto -->
  <testcase name="SearchTestUrl" time="0.001" classname="MainIndependent">
    <skipped/>
  </testcase> <!-- SearchTestUrl -->
  <testcase name="SubMenuItemsTest" time="0.0" classname="MainIndependent">
    <skipped/>
  </testcase> <!-- SubMenuItemsTest -->
  <testcase name="YouLinkAndNameTest" time="0.0" classname="MainIndependent">
    <skipped/>
  </testcase> <!-- YouLinkAndNameTest -->
</testsuite>
