<?xml version="1.0" encoding="UTF-8"?>
<!-- Generated by org.testng.reporters.JUnitXMLReporter -->
<testsuite hostname="EPBYBREW0280" ignored="0" tests="23" failures="2" timestamp="06 Feb 2017 11:22:30 GMT" time="347.159" errors="0">
  <testcase name="AlbumTest" time="73.328" classname="MainIndependent"/>
  <testcase name="AuthorsLinkTest" time="11.693" classname="MainIndependent"/>
  <testcase name="DetailsAuthorTest" time="8.228" classname="MainIndependent"/>
  <testcase name="DetailsCameraTest" time="6.623" classname="MainIndependent"/>
  <testcase name="DetailsDateTest" time="6.987" classname="MainIndependent"/>
  <testcase name="DetailsFollowTest" time="6.703" classname="MainIndependent"/>
  <testcase name="DetailsNumbersTest" time="7.282" classname="MainIndependent"/>
  <testcase name="DetailsRightsTest" time="6.966" classname="MainIndependent"/>
  <testcase name="DetailsTagsTest" time="7.817" classname="MainIndependent"/>
  <testcase name="DetailsTitleTest" time="6.768" classname="MainIndependent"/>
  <testcase name="ExploreLinkAndPhotoTest" time="55.894" classname="MainIndependent">
    <failure type="java.lang.AssertionError" message="Not each photo passes test! expected [100] but found [41]">
      <![CDATA[java.lang.AssertionError: Not each photo passes test! expected [100] but found [41]
	at MainIndependent.ExploreLinkAndPhotoTest(MainIndependent.java:69)
	at java.util.concurrent.FutureTask.run(FutureTask.java:266)
	at java.util.concurrent.ThreadPoolExecutor.runWorker(ThreadPoolExecutor.java:1142)
	at java.util.concurrent.ThreadPoolExecutor$Worker.run(ThreadPoolExecutor.java:617)
	at java.lang.Thread.run(Thread.java:745)
... Removed 21 stack frames]]>
    </failure>
  </testcase> <!-- ExploreLinkAndPhotoTest -->
  <testcase name="GalleriesTestItems" time="3.581" classname="MainIndependent"/>
  <testcase name="GalleriesTestURL" time="7.482" classname="MainIndependent"/>
  <testcase name="GroupsTestRecommendedGroups" time="3.964" classname="MainIndependent"/>
  <testcase name="GroupsTestURL" time="12.114" classname="MainIndependent"/>
  <testcase name="MainMenuItemsContTest" time="6.594" classname="MainIndependent"/>
  <testcase name="MainMenuItemsTest" time="6.817" classname="MainIndependent"/>
  <testcase name="MainPageTitleTest" time="5.49" classname="MainIndependent"/>
  <testcase name="NavigateToDetailsTest" time="9.742" classname="MainIndependent"/>
  <testcase name="SearchTestPhoto" time="8.607" classname="MainIndependent">
    <failure type="java.lang.AssertionError" message="Your search returned incorrect results, possibly due Firefox!   expected [true] but found [false]">
      <![CDATA[java.lang.AssertionError: Your search returned incorrect results, possibly due Firefox!   expected [true] but found [false]
	at MainIndependent.SearchTestPhoto(MainIndependent.java:253)
	at java.util.concurrent.FutureTask.run(FutureTask.java:266)
	at java.util.concurrent.ThreadPoolExecutor.runWorker(ThreadPoolExecutor.java:1142)
	at java.util.concurrent.ThreadPoolExecutor$Worker.run(ThreadPoolExecutor.java:617)
	at java.lang.Thread.run(Thread.java:745)
... Removed 21 stack frames]]>
    </failure>
  </testcase> <!-- SearchTestPhoto -->
  <testcase name="SearchTestUrl" time="4.08" classname="MainIndependent"/>
  <testcase name="SubMenuItemsTest" time="7.301" classname="MainIndependent"/>
  <testcase name="YouLinkAndNameTest" time="9.667" classname="MainIndependent"/>
</testsuite>
