<?xml version="1.0" encoding="UTF-8"?>
<!-- Generated by org.testng.reporters.JUnitXMLReporter -->
<testsuite hostname="EPBYBREW0280" ignored="0" tests="23" failures="1" timestamp="31 Jan 2017 10:39:38 GMT" time="227.133" errors="0">
  <testcase name="AlbumTest on [MainIndependent passed=0 failed=0 skipped=0]" time="31.826" classname="MainIndependent"/>
  <testcase name="AuthorsLinkTest on [MainIndependent passed=0 failed=0 skipped=0]" time="7.868" classname="MainIndependent"/>
  <testcase name="DetailsAuthorTest on [MainIndependent passed=0 failed=0 skipped=0]" time="5.462" classname="MainIndependent"/>
  <testcase name="DetailsCameraTest on [MainIndependent passed=0 failed=0 skipped=0]" time="5.256" classname="MainIndependent"/>
  <testcase name="DetailsDateTest on [MainIndependent passed=0 failed=0 skipped=0]" time="6.061" classname="MainIndependent"/>
  <testcase name="DetailsFollowTest on [MainIndependent passed=0 failed=0 skipped=0]" time="6.03" classname="MainIndependent"/>
  <testcase name="DetailsNumbersTest on [MainIndependent passed=0 failed=0 skipped=0]" time="6.422" classname="MainIndependent"/>
  <testcase name="DetailsRightsTest on [MainIndependent passed=0 failed=0 skipped=0]" time="6.232" classname="MainIndependent"/>
  <testcase name="DetailsTagsTest on [MainIndependent passed=0 failed=0 skipped=0]" time="8.386" classname="MainIndependent"/>
  <testcase name="DetailsTitleTest on [MainIndependent passed=0 failed=0 skipped=0]" time="7.343" classname="MainIndependent"/>
  <testcase name="ExploreLinkAndPhotoTest on [MainIndependent passed=0 failed=0 skipped=0]" time="27.088" classname="MainIndependent">
    <failure type="java.lang.AssertionError" message="Not each photo passes test! expected [48] but found [14]">
      <![CDATA[java.lang.AssertionError: Not each photo passes test! expected [48] but found [14]
	at MainIndependent.ExploreLinkAndPhotoTest(MainIndependent.java:68)
	at java.util.concurrent.FutureTask.run(FutureTask.java:266)
	at java.util.concurrent.ThreadPoolExecutor.runWorker(ThreadPoolExecutor.java:1142)
	at java.util.concurrent.ThreadPoolExecutor$Worker.run(ThreadPoolExecutor.java:617)
	at java.lang.Thread.run(Thread.java:745)
... Removed 21 stack frames]]>
    </failure>
  </testcase> <!-- ExploreLinkAndPhotoTest on [MainIndependent passed=0 failed=0 skipped=0] -->
  <testcase name="GalleriesTestItems on [MainIndependent passed=0 failed=0 skipped=0]" time="2.799" classname="MainIndependent"/>
  <testcase name="GalleriesTestURL on [MainIndependent passed=0 failed=0 skipped=0]" time="5.298" classname="MainIndependent"/>
  <testcase name="GroupsTestRecommendedGroups on [MainIndependent passed=0 failed=0 skipped=0]" time="5.135" classname="MainIndependent"/>
  <testcase name="GroupsTestURL on [MainIndependent passed=0 failed=0 skipped=0]" time="9.34" classname="MainIndependent"/>
  <testcase name="MainMenuItemsContTest on [MainIndependent passed=0 failed=0 skipped=0]" time="3.604" classname="MainIndependent"/>
  <testcase name="MainMenuItemsTest on [MainIndependent passed=0 failed=0 skipped=0]" time="9.373" classname="MainIndependent"/>
  <testcase name="MainPageTitleTest on [MainIndependent passed=0 failed=0 skipped=0]" time="5.582" classname="MainIndependent"/>
  <testcase name="NavigateToDetailsTest on [MainIndependent passed=0 failed=0 skipped=0]" time="10.812" classname="MainIndependent"/>
  <testcase name="SearchTestPhoto on [MainIndependent passed=0 failed=0 skipped=0]" time="7.72" classname="MainIndependent"/>
  <testcase name="SearchTestUrl on [MainIndependent passed=0 failed=0 skipped=0]" time="5.057" classname="MainIndependent"/>
  <testcase name="SubMenuItemsTest on [MainIndependent passed=0 failed=0 skipped=0]" time="8.238" classname="MainIndependent"/>
  <testcase name="YouLinkAndNameTest on [MainIndependent passed=0 failed=0 skipped=0]" time="11.447" classname="MainIndependent"/>
</testsuite>
