<?xml version="1.0" encoding="UTF-8"?>
<!-- Generated by org.testng.reporters.JUnitXMLReporter -->
<testsuite hostname="EPBYBREW0280" ignored="0" tests="23" failures="2" timestamp="01 Feb 2017 08:12:15 GMT" time="336.125" errors="0">
  <testcase name="AlbumTest" time="46.499" classname="MainIndependent"/>
  <testcase name="AuthorsLinkTest" time="12.168" classname="MainIndependent"/>
  <testcase name="DetailsAuthorTest" time="7.638" classname="MainIndependent"/>
  <testcase name="DetailsCameraTest" time="8.034" classname="MainIndependent"/>
  <testcase name="DetailsDateTest" time="8.16" classname="MainIndependent"/>
  <testcase name="DetailsFollowTest" time="8.134" classname="MainIndependent"/>
  <testcase name="DetailsNumbersTest" time="7.807" classname="MainIndependent"/>
  <testcase name="DetailsRightsTest" time="7.028" classname="MainIndependent"/>
  <testcase name="DetailsTagsTest" time="8.577" classname="MainIndependent"/>
  <testcase name="DetailsTitleTest" time="8.249" classname="MainIndependent"/>
  <testcase name="ExploreLinkAndPhotoTest" time="47.893" classname="MainIndependent">
    <failure type="java.lang.AssertionError" message="Not each photo passes test! expected [97] but found [34]">
      <![CDATA[java.lang.AssertionError: Not each photo passes test! expected [97] but found [34]
	at MainIndependent.ExploreLinkAndPhotoTest(MainIndependent.java:69)
	at java.util.concurrent.FutureTask.run(FutureTask.java:266)
	at java.util.concurrent.ThreadPoolExecutor.runWorker(ThreadPoolExecutor.java:1142)
	at java.util.concurrent.ThreadPoolExecutor$Worker.run(ThreadPoolExecutor.java:617)
	at java.lang.Thread.run(Thread.java:745)
... Removed 21 stack frames]]>
    </failure>
  </testcase> <!-- ExploreLinkAndPhotoTest -->
  <testcase name="GalleriesTestItems" time="3.293" classname="MainIndependent"/>
  <testcase name="GalleriesTestURL" time="8.004" classname="MainIndependent"/>
  <testcase name="GroupsTestRecommendedGroups" time="5.148" classname="MainIndependent"/>
  <testcase name="GroupsTestURL" time="13.984" classname="MainIndependent"/>
  <testcase name="MainMenuItemsContTest" time="9.674" classname="MainIndependent"/>
  <testcase name="MainMenuItemsTest" time="9.136" classname="MainIndependent"/>
  <testcase name="MainPageTitleTest" time="9.319" classname="MainIndependent"/>
  <testcase name="NavigateToDetailsTest" time="9.878" classname="MainIndependent"/>
  <testcase name="SearchTestPhoto" time="8.718" classname="MainIndependent">
    <failure type="java.lang.AssertionError" message="Your search returned incorrect results, possibly due Firefox!   expected [true] but found [false]">
      <![CDATA[java.lang.AssertionError: Your search returned incorrect results, possibly due Firefox!   expected [true] but found [false]
	at MainIndependent.SearchTestPhoto(MainIndependent.java:253)
	at java.util.concurrent.FutureTask.run(FutureTask.java:266)
	at java.util.concurrent.ThreadPoolExecutor.runWorker(ThreadPoolExecutor.java:1142)
	at java.util.concurrent.ThreadPoolExecutor$Worker.run(ThreadPoolExecutor.java:617)
	at java.lang.Thread.run(Thread.java:745)
... Removed 21 stack frames]]>
    </failure>
  </testcase> <!-- SearchTestPhoto -->
  <testcase name="SearchTestUrl" time="6.059" classname="MainIndependent"/>
  <testcase name="SubMenuItemsTest" time="9.907" classname="MainIndependent"/>
  <testcase name="YouLinkAndNameTest" time="7.852" classname="MainIndependent"/>
</testsuite>
