<?xml version="1.0" encoding="UTF-8"?>
<!-- Generated by org.testng.reporters.JUnitXMLReporter -->
<testsuite hostname="EPBYBREW0280" ignored="22" tests="0" failures="0" timestamp="30 Jan 2017 08:39:56 GMT" time="44.986" errors="0">
  <testcase name="GalleriesTestItems" time="0.0" classname="MainIndependent">
    <ignored/>
  </testcase> <!-- GalleriesTestItems -->
  <testcase name="DetailsNumbersTest" time="0.0" classname="MainIndependent">
    <ignored/>
  </testcase> <!-- DetailsNumbersTest -->
  <testcase name="MainMenuItemsContTest" time="0.0" classname="MainIndependent">
    <ignored/>
  </testcase> <!-- MainMenuItemsContTest -->
  <testcase name="YouLinkAndNameTest" time="0.0" classname="MainIndependent">
    <ignored/>
  </testcase> <!-- YouLinkAndNameTest -->
  <testcase name="MainMenuItemsTest" time="0.0" classname="MainIndependent">
    <ignored/>
  </testcase> <!-- MainMenuItemsTest -->
  <testcase name="DetailsTitleTest" time="0.0" classname="MainIndependent">
    <ignored/>
  </testcase> <!-- DetailsTitleTest -->
  <testcase name="DetailsCameraTest" time="0.0" classname="MainIndependent">
    <ignored/>
  </testcase> <!-- DetailsCameraTest -->
  <testcase name="DetailsFollowTest" time="0.0" classname="MainIndependent">
    <ignored/>
  </testcase> <!-- DetailsFollowTest -->
  <testcase name="MainPageTitleTest" time="0.0" classname="MainIndependent">
    <ignored/>
  </testcase> <!-- MainPageTitleTest -->
  <testcase name="DetailsTagsTest" time="0.0" classname="MainIndependent">
    <ignored/>
  </testcase> <!-- DetailsTagsTest -->
  <testcase name="AlbumTest" time="0.0" classname="MainIndependent">
    <ignored/>
  </testcase> <!-- AlbumTest -->
  <testcase name="AuthorsLinkTest" time="0.0" classname="MainIndependent">
    <ignored/>
  </testcase> <!-- AuthorsLinkTest -->
  <testcase name="DetailsDateTest" time="0.0" classname="MainIndependent">
    <ignored/>
  </testcase> <!-- DetailsDateTest -->
  <testcase name="SearchTestPhoto" time="0.0" classname="MainIndependent">
    <ignored/>
  </testcase> <!-- SearchTestPhoto -->
  <testcase name="NavigateToDetailsTest" time="0.0" classname="MainIndependent">
    <ignored/>
  </testcase> <!-- NavigateToDetailsTest -->
  <testcase name="SearchTestUrl" time="0.0" classname="MainIndependent">
    <ignored/>
  </testcase> <!-- SearchTestUrl -->
  <testcase name="GroupsTestURL" time="0.0" classname="MainIndependent">
    <ignored/>
  </testcase> <!-- GroupsTestURL -->
  <testcase name="GroupsTestRecommendedGroups" time="0.0" classname="MainIndependent">
    <ignored/>
  </testcase> <!-- GroupsTestRecommendedGroups -->
  <testcase name="SubMenuItemsTest" time="0.0" classname="MainIndependent">
    <ignored/>
  </testcase> <!-- SubMenuItemsTest -->
  <testcase name="DetailsRightsTest" time="0.0" classname="MainIndependent">
    <ignored/>
  </testcase> <!-- DetailsRightsTest -->
  <testcase name="GalleriesTestURL" time="0.0" classname="MainIndependent">
    <ignored/>
  </testcase> <!-- GalleriesTestURL -->
  <testcase name="DetailsAuthorTest" time="0.0" classname="MainIndependent">
    <ignored/>
  </testcase> <!-- DetailsAuthorTest -->
</testsuite>
