<?xml version="1.0" encoding="UTF-8"?>
<testng-results skipped="0" failed="4" ignored="0" total="46" passed="42">
  <reporter-output>
    <line>
      <![CDATA[<a href='C:\Users\Uladzimir_Papeka\IdeaProjects\EPAM\epamPracticeTask-Flickr-\target\surefire-reports\failure_screenshots\ExploreLinkAndPhotoTest_31_01_2017_02_46_01.png'> <img src='C:\Users\Uladzimir_Papeka\IdeaProjects\EPAM\epamPracticeTask-Flickr-\target\surefire-reports\failure_screenshots\ExploreLinkAndPhotoTest_31_01_2017_02_46_01.png' height='100' width='100'/> </a>]]>
    </line>
    <line>
      <![CDATA[<a href='C:\Users\Uladzimir_Papeka\IdeaProjects\EPAM\epamPracticeTask-Flickr-\target\surefire-reports\failure_screenshots\ExploreLinkAndPhotoTest_31_01_2017_02_46_10.png'> <img src='C:\Users\Uladzimir_Papeka\IdeaProjects\EPAM\epamPracticeTask-Flickr-\target\surefire-reports\failure_screenshots\ExploreLinkAndPhotoTest_31_01_2017_02_46_10.png' height='100' width='100'/> </a>]]>
    </line>
    <line>
      <![CDATA[<a href='C:\Users\Uladzimir_Papeka\IdeaProjects\EPAM\epamPracticeTask-Flickr-\target\surefire-reports\failure_screenshots\ExploreLinkAndPhotoTest_31_01_2017_02_46_14.png'> <img src='C:\Users\Uladzimir_Papeka\IdeaProjects\EPAM\epamPracticeTask-Flickr-\target\surefire-reports\failure_screenshots\ExploreLinkAndPhotoTest_31_01_2017_02_46_14.png' height='100' width='100'/> </a>]]>
    </line>
    <line>
      <![CDATA[<a href='C:\Users\Uladzimir_Papeka\IdeaProjects\EPAM\epamPracticeTask-Flickr-\target\surefire-reports\failure_screenshots\ExploreLinkAndPhotoTest_31_01_2017_02_46_22.png'> <img src='C:\Users\Uladzimir_Papeka\IdeaProjects\EPAM\epamPracticeTask-Flickr-\target\surefire-reports\failure_screenshots\ExploreLinkAndPhotoTest_31_01_2017_02_46_22.png' height='100' width='100'/> </a>]]>
    </line>
    <line>
      <![CDATA[<a href='C:\Users\Uladzimir_Papeka\IdeaProjects\EPAM\epamPracticeTask-Flickr-\target\surefire-reports\failure_screenshots\SearchTestPhoto_31_01_2017_02_47_36.png'> <img src='C:\Users\Uladzimir_Papeka\IdeaProjects\EPAM\epamPracticeTask-Flickr-\target\surefire-reports\failure_screenshots\SearchTestPhoto_31_01_2017_02_47_36.png' height='100' width='100'/> </a>]]>
    </line>
    <line>
      <![CDATA[<a href='C:\Users\Uladzimir_Papeka\IdeaProjects\EPAM\epamPracticeTask-Flickr-\target\surefire-reports\failure_screenshots\SearchTestPhoto_31_01_2017_02_47_36.png'> <img src='C:\Users\Uladzimir_Papeka\IdeaProjects\EPAM\epamPracticeTask-Flickr-\target\surefire-reports\failure_screenshots\SearchTestPhoto_31_01_2017_02_47_36.png' height='100' width='100'/> </a>]]>
    </line>
    <line>
      <![CDATA[<a href='C:\Users\Uladzimir_Papeka\IdeaProjects\EPAM\epamPracticeTask-Flickr-\target\surefire-reports\failure_screenshots\SearchTestPhoto_31_01_2017_02_47_44.png'> <img src='C:\Users\Uladzimir_Papeka\IdeaProjects\EPAM\epamPracticeTask-Flickr-\target\surefire-reports\failure_screenshots\SearchTestPhoto_31_01_2017_02_47_44.png' height='100' width='100'/> </a>]]>
    </line>
    <line>
      <![CDATA[<a href='C:\Users\Uladzimir_Papeka\IdeaProjects\EPAM\epamPracticeTask-Flickr-\target\surefire-reports\failure_screenshots\SearchTestPhoto_31_01_2017_02_47_44.png'> <img src='C:\Users\Uladzimir_Papeka\IdeaProjects\EPAM\epamPracticeTask-Flickr-\target\surefire-reports\failure_screenshots\SearchTestPhoto_31_01_2017_02_47_44.png' height='100' width='100'/> </a>]]>
    </line>
  </reporter-output>
  <suite name="parallelTest" duration-ms="286263" started-at="2017-01-31T11:43:24Z" finished-at="2017-01-31T11:48:10Z">
    <groups>
    </groups>
    <test name="flickr testing scenarios" duration-ms="277371" started-at="2017-01-31T11:43:24Z" finished-at="2017-01-31T11:48:01Z">
      <class name="MainIndependent">
        <test-method status="PASS" signature="prepare()[pri:0, instance:MainIndependent@2133c8f8]" name="prepare" is-config="true" duration-ms="5842" started-at="2017-01-31T14:43:24Z" description="WebDriver init" finished-at="2017-01-31T14:43:30Z">
          <reporter-output>
          </reporter-output>
        </test-method> <!-- prepare -->
        <test-method name="LoginTest" signature="LoginTest()[pri:0, instance:MainIndependent@2133c8f8]" is-config="true" status="PASS" duration-ms="21180" finished-at="2017-01-31T14:43:51Z" started-at="2017-01-31T14:43:30Z" depends-on-methods="Conditions.prepare" description="#1 Flickr login test">
          <reporter-output>
          </reporter-output>
        </test-method> <!-- LoginTest -->
        <test-method status="PASS" signature="AlbumTest()[pri:0, instance:MainIndependent@2133c8f8]" name="AlbumTest" duration-ms="34442" started-at="2017-01-31T14:43:51Z" description="#10 Every Album has a thumbnail, title, link and a number of photos and views " finished-at="2017-01-31T14:44:25Z">
          <reporter-output>
          </reporter-output>
        </test-method> <!-- AlbumTest -->
        <test-method status="PASS" signature="AuthorsLinkTest()[pri:0, instance:MainIndependent@2133c8f8]" name="AuthorsLinkTest" duration-ms="10944" started-at="2017-01-31T14:44:25Z" description="#9 Author’s name navigates to the page with author’s photostream" finished-at="2017-01-31T14:44:36Z">
          <reporter-output>
          </reporter-output>
        </test-method> <!-- AuthorsLinkTest -->
        <test-method status="PASS" signature="DetailsAuthorTest()[pri:0, instance:MainIndependent@2133c8f8]" name="DetailsAuthorTest" duration-ms="6830" started-at="2017-01-31T14:44:36Z" description="#8.1.2 Page with photo details contains every all necessary items (Author)" finished-at="2017-01-31T14:44:43Z">
          <reporter-output>
          </reporter-output>
        </test-method> <!-- DetailsAuthorTest -->
        <test-method status="PASS" signature="DetailsCameraTest()[pri:0, instance:MainIndependent@2133c8f8]" name="DetailsCameraTest" duration-ms="7210" started-at="2017-01-31T14:44:43Z" description="#8.6 Page with photo details contains every all necessary items (Camera)" finished-at="2017-01-31T14:44:50Z">
          <reporter-output>
          </reporter-output>
        </test-method> <!-- DetailsCameraTest -->
        <test-method status="PASS" signature="DetailsDateTest()[pri:0, instance:MainIndependent@2133c8f8]" name="DetailsDateTest" duration-ms="6690" started-at="2017-01-31T14:44:50Z" description="#8.4 Page with photo details contains every all necessary items (Date of photo)" finished-at="2017-01-31T14:44:57Z">
          <reporter-output>
          </reporter-output>
        </test-method> <!-- DetailsDateTest -->
        <test-method status="PASS" signature="DetailsFollowTest()[pri:0, instance:MainIndependent@2133c8f8]" name="DetailsFollowTest" duration-ms="7680" started-at="2017-01-31T14:44:57Z" description="#8.2 Page with photo details contains every all necessary items (Follow-button)" finished-at="2017-01-31T14:45:05Z">
          <reporter-output>
          </reporter-output>
        </test-method> <!-- DetailsFollowTest -->
        <test-method status="PASS" signature="DetailsNumbersTest()[pri:0, instance:MainIndependent@2133c8f8]" name="DetailsNumbersTest" duration-ms="7332" started-at="2017-01-31T14:45:05Z" description="#8.3 Page with photo details contains every all necessary items (number of views, faves, comments)" finished-at="2017-01-31T14:45:12Z">
          <reporter-output>
          </reporter-output>
        </test-method> <!-- DetailsNumbersTest -->
        <test-method status="PASS" signature="DetailsRightsTest()[pri:0, instance:MainIndependent@2133c8f8]" name="DetailsRightsTest" duration-ms="7464" started-at="2017-01-31T14:45:12Z" description="#8.5 Page with photo details contains every all necessary items (Rights link)" finished-at="2017-01-31T14:45:20Z">
          <reporter-output>
          </reporter-output>
        </test-method> <!-- DetailsRightsTest -->
        <test-method status="PASS" signature="DetailsTagsTest()[pri:0, instance:MainIndependent@2133c8f8]" name="DetailsTagsTest" duration-ms="8948" started-at="2017-01-31T14:45:20Z" description="#8.7 Page with photo details contains every all necessary items (Tags)" finished-at="2017-01-31T14:45:28Z">
          <reporter-output>
          </reporter-output>
        </test-method> <!-- DetailsTagsTest -->
        <test-method status="PASS" signature="DetailsTitleTest()[pri:0, instance:MainIndependent@2133c8f8]" name="DetailsTitleTest" duration-ms="7692" started-at="2017-01-31T14:45:28Z" description="#8.1.1 Page with photo details contains every all necessary items (Title)" finished-at="2017-01-31T14:45:36Z">
          <reporter-output>
          </reporter-output>
        </test-method> <!-- DetailsTitleTest -->
        <test-method status="FAIL" signature="ExploreLinkAndPhotoTest()[pri:0, instance:MainIndependent@2133c8f8]" name="ExploreLinkAndPhotoTest" duration-ms="25032" started-at="2017-01-31T14:45:36Z" description="#6 [Explore]-link and checking photos with label &#039;&lt;photo_title&gt; by &lt;author&gt;&#039; " finished-at="2017-01-31T14:46:01Z">
          <exception class="java.lang.AssertionError">
            <message>
              <![CDATA[Not each photo passes test! expected [48] but found [14]]]>
            </message>
            <full-stacktrace>
              <![CDATA[java.lang.AssertionError: Not each photo passes test! expected [48] but found [14]
	at org.testng.Assert.fail(Assert.java:94)
	at org.testng.Assert.failNotEquals(Assert.java:513)
	at org.testng.Assert.assertEqualsImpl(Assert.java:135)
	at org.testng.Assert.assertEquals(Assert.java:116)
	at org.testng.Assert.assertEquals(Assert.java:389)
	at MainIndependent.ExploreLinkAndPhotoTest(MainIndependent.java:68)
	at sun.reflect.NativeMethodAccessorImpl.invoke0(Native Method)
	at sun.reflect.NativeMethodAccessorImpl.invoke(NativeMethodAccessorImpl.java:62)
	at sun.reflect.DelegatingMethodAccessorImpl.invoke(DelegatingMethodAccessorImpl.java:43)
	at java.lang.reflect.Method.invoke(Method.java:498)
	at org.testng.internal.MethodInvocationHelper.invokeMethod(MethodInvocationHelper.java:104)
	at org.testng.internal.Invoker.invokeMethod(Invoker.java:645)
	at org.testng.internal.Invoker.invokeTestMethod(Invoker.java:851)
	at org.testng.internal.Invoker.invokeTestMethods(Invoker.java:1177)
	at org.testng.internal.TestMethodWorker.invokeTestMethods(TestMethodWorker.java:129)
	at org.testng.internal.TestMethodWorker.run(TestMethodWorker.java:112)
	at org.testng.TestRunner.privateRun(TestRunner.java:756)
	at org.testng.TestRunner.run(TestRunner.java:610)
	at org.testng.SuiteRunner.runTest(SuiteRunner.java:387)
	at org.testng.SuiteRunner.access$000(SuiteRunner.java:39)
	at org.testng.SuiteRunner$SuiteWorker.run(SuiteRunner.java:421)
	at org.testng.internal.thread.ThreadUtil$2.call(ThreadUtil.java:64)
	at java.util.concurrent.FutureTask.run(FutureTask.java:266)
	at java.util.concurrent.ThreadPoolExecutor.runWorker(ThreadPoolExecutor.java:1142)
	at java.util.concurrent.ThreadPoolExecutor$Worker.run(ThreadPoolExecutor.java:617)
	at java.lang.Thread.run(Thread.java:745)
]]>
            </full-stacktrace>
          </exception> <!-- java.lang.AssertionError -->
          <reporter-output>
            <line>
              <![CDATA[<a href='C:\Users\Uladzimir_Papeka\IdeaProjects\EPAM\epamPracticeTask-Flickr-\target\surefire-reports\failure_screenshots\ExploreLinkAndPhotoTest_31_01_2017_02_46_01.png'> <img src='C:\Users\Uladzimir_Papeka\IdeaProjects\EPAM\epamPracticeTask-Flickr-\target\surefire-reports\failure_screenshots\ExploreLinkAndPhotoTest_31_01_2017_02_46_01.png' height='100' width='100'/> </a>]]>
            </line>
            <line>
              <![CDATA[<a href='C:\Users\Uladzimir_Papeka\IdeaProjects\EPAM\epamPracticeTask-Flickr-\target\surefire-reports\failure_screenshots\ExploreLinkAndPhotoTest_31_01_2017_02_46_10.png'> <img src='C:\Users\Uladzimir_Papeka\IdeaProjects\EPAM\epamPracticeTask-Flickr-\target\surefire-reports\failure_screenshots\ExploreLinkAndPhotoTest_31_01_2017_02_46_10.png' height='100' width='100'/> </a>]]>
            </line>
          </reporter-output>
        </test-method> <!-- ExploreLinkAndPhotoTest -->
        <test-method status="PASS" signature="GalleriesTestItems()[pri:0, instance:MainIndependent@2133c8f8]" name="GalleriesTestItems" duration-ms="3192" started-at="2017-01-31T14:46:19Z" description="#12.2 Additional own testing scenarios ([Explore]-&gt;[Galleries]). Check gallery&#039;s items" finished-at="2017-01-31T14:46:22Z">
          <reporter-output>
          </reporter-output>
        </test-method> <!-- GalleriesTestItems -->
        <test-method status="PASS" signature="GalleriesTestURL()[pri:0, instance:MainIndependent@2133c8f8]" name="GalleriesTestURL" duration-ms="8058" started-at="2017-01-31T14:46:22Z" description="#12.1 Additional own testing scenarios ([Explore]-&gt;[Galleries]). Check Url" finished-at="2017-01-31T14:46:30Z">
          <reporter-output>
          </reporter-output>
        </test-method> <!-- GalleriesTestURL -->
        <test-method status="PASS" signature="GroupsTestRecommendedGroups()[pri:0, instance:MainIndependent@2133c8f8]" name="GroupsTestRecommendedGroups" duration-ms="4568" started-at="2017-01-31T14:46:30Z" description="#11.2 Additional own testing scenarios ([You]-&gt;[Groups]). Check recommended group" finished-at="2017-01-31T14:46:34Z">
          <reporter-output>
          </reporter-output>
        </test-method> <!-- GroupsTestRecommendedGroups -->
        <test-method status="PASS" signature="GroupsTestURL()[pri:0, instance:MainIndependent@2133c8f8]" name="GroupsTestURL" duration-ms="21423" started-at="2017-01-31T14:46:34Z" description="#11.1 Additional own testing scenarios ([You]-&gt;[Groups]). Check Url" finished-at="2017-01-31T14:46:56Z">
          <reporter-output>
          </reporter-output>
        </test-method> <!-- GroupsTestURL -->
        <test-method status="PASS" signature="MainMenuItemsContTest()[pri:0, instance:MainIndependent@2133c8f8]" name="MainMenuItemsContTest" duration-ms="7884" started-at="2017-01-31T14:46:56Z" description="#3.1 Main menu items count test" finished-at="2017-01-31T14:47:04Z">
          <reporter-output>
          </reporter-output>
        </test-method> <!-- MainMenuItemsContTest -->
        <test-method status="PASS" signature="MainMenuItemsTest()[pri:0, instance:MainIndependent@2133c8f8]" name="MainMenuItemsTest" duration-ms="8057" started-at="2017-01-31T14:47:04Z" description="#3.2 Main menu items test" finished-at="2017-01-31T14:47:12Z">
          <reporter-output>
          </reporter-output>
        </test-method> <!-- MainMenuItemsTest -->
        <test-method status="PASS" signature="MainPageTitleTest()[pri:0, instance:MainIndependent@2133c8f8]" name="MainPageTitleTest" duration-ms="6757" started-at="2017-01-31T14:47:12Z" description="#2 Main page&#039;s title test" finished-at="2017-01-31T14:47:19Z">
          <reporter-output>
          </reporter-output>
        </test-method> <!-- MainPageTitleTest -->
        <test-method status="PASS" signature="NavigateToDetailsTest()[pri:0, instance:MainIndependent@2133c8f8]" name="NavigateToDetailsTest" duration-ms="9386" started-at="2017-01-31T14:47:19Z" description="#7 Photo and its title navigate to the same page with other picture details" finished-at="2017-01-31T14:47:28Z">
          <reporter-output>
          </reporter-output>
        </test-method> <!-- NavigateToDetailsTest -->
        <test-method status="FAIL" signature="SearchTestPhoto()[pri:0, instance:MainIndependent@2133c8f8]" name="SearchTestPhoto" duration-ms="7843" started-at="2017-01-31T14:47:28Z" description="#13.2 Additional own testing scenarios (Search functionality). Search Photo" finished-at="2017-01-31T14:47:36Z">
          <exception class="java.lang.AssertionError">
            <message>
              <![CDATA[Your search returned incorrect results, possibly due Firefox!   expected [true] but found [false]]]>
            </message>
            <full-stacktrace>
              <![CDATA[java.lang.AssertionError: Your search returned incorrect results, possibly due Firefox!   expected [true] but found [false]
	at org.testng.Assert.fail(Assert.java:94)
	at org.testng.Assert.failNotEquals(Assert.java:513)
	at org.testng.Assert.assertEqualsImpl(Assert.java:135)
	at org.testng.Assert.assertEquals(Assert.java:116)
	at org.testng.Assert.assertEquals(Assert.java:305)
	at MainIndependent.SearchTestPhoto(MainIndependent.java:253)
	at sun.reflect.NativeMethodAccessorImpl.invoke0(Native Method)
	at sun.reflect.NativeMethodAccessorImpl.invoke(NativeMethodAccessorImpl.java:62)
	at sun.reflect.DelegatingMethodAccessorImpl.invoke(DelegatingMethodAccessorImpl.java:43)
	at java.lang.reflect.Method.invoke(Method.java:498)
	at org.testng.internal.MethodInvocationHelper.invokeMethod(MethodInvocationHelper.java:104)
	at org.testng.internal.Invoker.invokeMethod(Invoker.java:645)
	at org.testng.internal.Invoker.invokeTestMethod(Invoker.java:851)
	at org.testng.internal.Invoker.invokeTestMethods(Invoker.java:1177)
	at org.testng.internal.TestMethodWorker.invokeTestMethods(TestMethodWorker.java:129)
	at org.testng.internal.TestMethodWorker.run(TestMethodWorker.java:112)
	at org.testng.TestRunner.privateRun(TestRunner.java:756)
	at org.testng.TestRunner.run(TestRunner.java:610)
	at org.testng.SuiteRunner.runTest(SuiteRunner.java:387)
	at org.testng.SuiteRunner.access$000(SuiteRunner.java:39)
	at org.testng.SuiteRunner$SuiteWorker.run(SuiteRunner.java:421)
	at org.testng.internal.thread.ThreadUtil$2.call(ThreadUtil.java:64)
	at java.util.concurrent.FutureTask.run(FutureTask.java:266)
	at java.util.concurrent.ThreadPoolExecutor.runWorker(ThreadPoolExecutor.java:1142)
	at java.util.concurrent.ThreadPoolExecutor$Worker.run(ThreadPoolExecutor.java:617)
	at java.lang.Thread.run(Thread.java:745)
]]>
            </full-stacktrace>
          </exception> <!-- java.lang.AssertionError -->
          <reporter-output>
            <line>
              <![CDATA[<a href='C:\Users\Uladzimir_Papeka\IdeaProjects\EPAM\epamPracticeTask-Flickr-\target\surefire-reports\failure_screenshots\SearchTestPhoto_31_01_2017_02_47_36.png'> <img src='C:\Users\Uladzimir_Papeka\IdeaProjects\EPAM\epamPracticeTask-Flickr-\target\surefire-reports\failure_screenshots\SearchTestPhoto_31_01_2017_02_47_36.png' height='100' width='100'/> </a>]]>
            </line>
            <line>
              <![CDATA[<a href='C:\Users\Uladzimir_Papeka\IdeaProjects\EPAM\epamPracticeTask-Flickr-\target\surefire-reports\failure_screenshots\SearchTestPhoto_31_01_2017_02_47_36.png'> <img src='C:\Users\Uladzimir_Papeka\IdeaProjects\EPAM\epamPracticeTask-Flickr-\target\surefire-reports\failure_screenshots\SearchTestPhoto_31_01_2017_02_47_36.png' height='100' width='100'/> </a>]]>
            </line>
          </reporter-output>
        </test-method> <!-- SearchTestPhoto -->
        <test-method status="PASS" signature="SearchTestUrl()[pri:0, instance:MainIndependent@2133c8f8]" name="SearchTestUrl" duration-ms="6702" started-at="2017-01-31T14:47:36Z" description="#13.1 Additional own testing scenarios (Search functionality). Search Url" finished-at="2017-01-31T14:47:43Z">
          <reporter-output>
          </reporter-output>
        </test-method> <!-- SearchTestUrl -->
        <test-method status="PASS" signature="SubMenuItemsTest()[pri:0, instance:MainIndependent@2133c8f8]" name="SubMenuItemsTest" duration-ms="10113" started-at="2017-01-31T14:47:43Z" description="#4 Sub-menu items contain items" finished-at="2017-01-31T14:47:53Z">
          <reporter-output>
          </reporter-output>
        </test-method> <!-- SubMenuItemsTest -->
        <test-method status="PASS" signature="YouLinkAndNameTest()[pri:0, instance:MainIndependent@2133c8f8]" name="YouLinkAndNameTest" duration-ms="8141" started-at="2017-01-31T14:47:53Z" description="#5 [You]-link and checking username" finished-at="2017-01-31T14:48:01Z">
          <reporter-output>
          </reporter-output>
        </test-method> <!-- YouLinkAndNameTest -->
        <test-method status="PASS" signature="cleanUp()[pri:0, instance:MainIndependent@2133c8f8]" name="cleanUp" is-config="true" duration-ms="0" started-at="2017-01-31T14:48:01Z" description="WebDriver clean up" finished-at="2017-01-31T14:48:01Z">
          <reporter-output>
          </reporter-output>
        </test-method> <!-- cleanUp -->
      </class> <!-- MainIndependent -->
    </test> <!-- flickr testing scenarios -->
    <test name="flickr testing scenarios 2" duration-ms="286247" started-at="2017-01-31T11:43:24Z" finished-at="2017-01-31T11:48:10Z">
      <class name="MainIndependent">
        <test-method status="PASS" signature="prepare()[pri:0, instance:MainIndependent@506e6d5e]" name="prepare" is-config="true" duration-ms="11722" started-at="2017-01-31T14:43:24Z" description="WebDriver init" finished-at="2017-01-31T14:43:36Z">
          <reporter-output>
          </reporter-output>
        </test-method> <!-- prepare -->
        <test-method name="LoginTest" signature="LoginTest()[pri:0, instance:MainIndependent@506e6d5e]" is-config="true" status="PASS" duration-ms="19756" finished-at="2017-01-31T14:43:55Z" started-at="2017-01-31T14:43:36Z" depends-on-methods="Conditions.prepare" description="#1 Flickr login test">
          <reporter-output>
          </reporter-output>
        </test-method> <!-- LoginTest -->
        <test-method status="PASS" signature="AlbumTest()[pri:0, instance:MainIndependent@506e6d5e]" name="AlbumTest" duration-ms="35336" started-at="2017-01-31T14:43:55Z" description="#10 Every Album has a thumbnail, title, link and a number of photos and views " finished-at="2017-01-31T14:44:31Z">
          <reporter-output>
          </reporter-output>
        </test-method> <!-- AlbumTest -->
        <test-method status="PASS" signature="AuthorsLinkTest()[pri:0, instance:MainIndependent@506e6d5e]" name="AuthorsLinkTest" duration-ms="11635" started-at="2017-01-31T14:44:31Z" description="#9 Author’s name navigates to the page with author’s photostream" finished-at="2017-01-31T14:44:42Z">
          <reporter-output>
          </reporter-output>
        </test-method> <!-- AuthorsLinkTest -->
        <test-method status="PASS" signature="DetailsAuthorTest()[pri:0, instance:MainIndependent@506e6d5e]" name="DetailsAuthorTest" duration-ms="7080" started-at="2017-01-31T14:44:42Z" description="#8.1.2 Page with photo details contains every all necessary items (Author)" finished-at="2017-01-31T14:44:49Z">
          <reporter-output>
          </reporter-output>
        </test-method> <!-- DetailsAuthorTest -->
        <test-method status="PASS" signature="DetailsCameraTest()[pri:0, instance:MainIndependent@506e6d5e]" name="DetailsCameraTest" duration-ms="7103" started-at="2017-01-31T14:44:49Z" description="#8.6 Page with photo details contains every all necessary items (Camera)" finished-at="2017-01-31T14:44:57Z">
          <reporter-output>
          </reporter-output>
        </test-method> <!-- DetailsCameraTest -->
        <test-method status="PASS" signature="DetailsDateTest()[pri:0, instance:MainIndependent@506e6d5e]" name="DetailsDateTest" duration-ms="7554" started-at="2017-01-31T14:44:57Z" description="#8.4 Page with photo details contains every all necessary items (Date of photo)" finished-at="2017-01-31T14:45:04Z">
          <reporter-output>
          </reporter-output>
        </test-method> <!-- DetailsDateTest -->
        <test-method status="PASS" signature="DetailsFollowTest()[pri:0, instance:MainIndependent@506e6d5e]" name="DetailsFollowTest" duration-ms="7311" started-at="2017-01-31T14:45:04Z" description="#8.2 Page with photo details contains every all necessary items (Follow-button)" finished-at="2017-01-31T14:45:11Z">
          <reporter-output>
          </reporter-output>
        </test-method> <!-- DetailsFollowTest -->
        <test-method status="PASS" signature="DetailsNumbersTest()[pri:0, instance:MainIndependent@506e6d5e]" name="DetailsNumbersTest" duration-ms="7966" started-at="2017-01-31T14:45:11Z" description="#8.3 Page with photo details contains every all necessary items (number of views, faves, comments)" finished-at="2017-01-31T14:45:19Z">
          <reporter-output>
          </reporter-output>
        </test-method> <!-- DetailsNumbersTest -->
        <test-method status="PASS" signature="DetailsRightsTest()[pri:0, instance:MainIndependent@506e6d5e]" name="DetailsRightsTest" duration-ms="7138" started-at="2017-01-31T14:45:19Z" description="#8.5 Page with photo details contains every all necessary items (Rights link)" finished-at="2017-01-31T14:45:26Z">
          <reporter-output>
          </reporter-output>
        </test-method> <!-- DetailsRightsTest -->
        <test-method status="PASS" signature="DetailsTagsTest()[pri:0, instance:MainIndependent@506e6d5e]" name="DetailsTagsTest" duration-ms="9067" started-at="2017-01-31T14:45:26Z" description="#8.7 Page with photo details contains every all necessary items (Tags)" finished-at="2017-01-31T14:45:36Z">
          <reporter-output>
          </reporter-output>
        </test-method> <!-- DetailsTagsTest -->
        <test-method status="PASS" signature="DetailsTitleTest()[pri:0, instance:MainIndependent@506e6d5e]" name="DetailsTitleTest" duration-ms="15709" started-at="2017-01-31T14:45:36Z" description="#8.1.1 Page with photo details contains every all necessary items (Title)" finished-at="2017-01-31T14:45:51Z">
          <reporter-output>
          </reporter-output>
        </test-method> <!-- DetailsTitleTest -->
        <test-method status="FAIL" signature="ExploreLinkAndPhotoTest()[pri:0, instance:MainIndependent@506e6d5e]" name="ExploreLinkAndPhotoTest" duration-ms="22756" started-at="2017-01-31T14:45:51Z" description="#6 [Explore]-link and checking photos with label &#039;&lt;photo_title&gt; by &lt;author&gt;&#039; " finished-at="2017-01-31T14:46:14Z">
          <exception class="java.lang.AssertionError">
            <message>
              <![CDATA[Not each photo passes test! expected [48] but found [14]]]>
            </message>
            <full-stacktrace>
              <![CDATA[java.lang.AssertionError: Not each photo passes test! expected [48] but found [14]
	at org.testng.Assert.fail(Assert.java:94)
	at org.testng.Assert.failNotEquals(Assert.java:513)
	at org.testng.Assert.assertEqualsImpl(Assert.java:135)
	at org.testng.Assert.assertEquals(Assert.java:116)
	at org.testng.Assert.assertEquals(Assert.java:389)
	at MainIndependent.ExploreLinkAndPhotoTest(MainIndependent.java:68)
	at sun.reflect.NativeMethodAccessorImpl.invoke0(Native Method)
	at sun.reflect.NativeMethodAccessorImpl.invoke(NativeMethodAccessorImpl.java:62)
	at sun.reflect.DelegatingMethodAccessorImpl.invoke(DelegatingMethodAccessorImpl.java:43)
	at java.lang.reflect.Method.invoke(Method.java:498)
	at org.testng.internal.MethodInvocationHelper.invokeMethod(MethodInvocationHelper.java:104)
	at org.testng.internal.Invoker.invokeMethod(Invoker.java:645)
	at org.testng.internal.Invoker.invokeTestMethod(Invoker.java:851)
	at org.testng.internal.Invoker.invokeTestMethods(Invoker.java:1177)
	at org.testng.internal.TestMethodWorker.invokeTestMethods(TestMethodWorker.java:129)
	at org.testng.internal.TestMethodWorker.run(TestMethodWorker.java:112)
	at org.testng.TestRunner.privateRun(TestRunner.java:756)
	at org.testng.TestRunner.run(TestRunner.java:610)
	at org.testng.SuiteRunner.runTest(SuiteRunner.java:387)
	at org.testng.SuiteRunner.access$000(SuiteRunner.java:39)
	at org.testng.SuiteRunner$SuiteWorker.run(SuiteRunner.java:421)
	at org.testng.internal.thread.ThreadUtil$2.call(ThreadUtil.java:64)
	at java.util.concurrent.FutureTask.run(FutureTask.java:266)
	at java.util.concurrent.ThreadPoolExecutor.runWorker(ThreadPoolExecutor.java:1142)
	at java.util.concurrent.ThreadPoolExecutor$Worker.run(ThreadPoolExecutor.java:617)
	at java.lang.Thread.run(Thread.java:745)
]]>
            </full-stacktrace>
          </exception> <!-- java.lang.AssertionError -->
          <reporter-output>
            <line>
              <![CDATA[<a href='C:\Users\Uladzimir_Papeka\IdeaProjects\EPAM\epamPracticeTask-Flickr-\target\surefire-reports\failure_screenshots\ExploreLinkAndPhotoTest_31_01_2017_02_46_14.png'> <img src='C:\Users\Uladzimir_Papeka\IdeaProjects\EPAM\epamPracticeTask-Flickr-\target\surefire-reports\failure_screenshots\ExploreLinkAndPhotoTest_31_01_2017_02_46_14.png' height='100' width='100'/> </a>]]>
            </line>
            <line>
              <![CDATA[<a href='C:\Users\Uladzimir_Papeka\IdeaProjects\EPAM\epamPracticeTask-Flickr-\target\surefire-reports\failure_screenshots\ExploreLinkAndPhotoTest_31_01_2017_02_46_22.png'> <img src='C:\Users\Uladzimir_Papeka\IdeaProjects\EPAM\epamPracticeTask-Flickr-\target\surefire-reports\failure_screenshots\ExploreLinkAndPhotoTest_31_01_2017_02_46_22.png' height='100' width='100'/> </a>]]>
            </line>
          </reporter-output>
        </test-method> <!-- ExploreLinkAndPhotoTest -->
        <test-method status="PASS" signature="GalleriesTestItems()[pri:0, instance:MainIndependent@506e6d5e]" name="GalleriesTestItems" duration-ms="4286" started-at="2017-01-31T14:46:31Z" description="#12.2 Additional own testing scenarios ([Explore]-&gt;[Galleries]). Check gallery&#039;s items" finished-at="2017-01-31T14:46:35Z">
          <reporter-output>
          </reporter-output>
        </test-method> <!-- GalleriesTestItems -->
        <test-method status="PASS" signature="GalleriesTestURL()[pri:0, instance:MainIndependent@506e6d5e]" name="GalleriesTestURL" duration-ms="7833" started-at="2017-01-31T14:46:35Z" description="#12.1 Additional own testing scenarios ([Explore]-&gt;[Galleries]). Check Url" finished-at="2017-01-31T14:46:43Z">
          <reporter-output>
          </reporter-output>
        </test-method> <!-- GalleriesTestURL -->
        <test-method status="PASS" signature="GroupsTestRecommendedGroups()[pri:0, instance:MainIndependent@506e6d5e]" name="GroupsTestRecommendedGroups" duration-ms="4959" started-at="2017-01-31T14:46:43Z" description="#11.2 Additional own testing scenarios ([You]-&gt;[Groups]). Check recommended group" finished-at="2017-01-31T14:46:48Z">
          <reporter-output>
          </reporter-output>
        </test-method> <!-- GroupsTestRecommendedGroups -->
        <test-method status="PASS" signature="GroupsTestURL()[pri:0, instance:MainIndependent@506e6d5e]" name="GroupsTestURL" duration-ms="13205" started-at="2017-01-31T14:46:48Z" description="#11.1 Additional own testing scenarios ([You]-&gt;[Groups]). Check Url" finished-at="2017-01-31T14:47:01Z">
          <reporter-output>
          </reporter-output>
        </test-method> <!-- GroupsTestURL -->
        <test-method status="PASS" signature="MainMenuItemsContTest()[pri:0, instance:MainIndependent@506e6d5e]" name="MainMenuItemsContTest" duration-ms="7974" started-at="2017-01-31T14:47:01Z" description="#3.1 Main menu items count test" finished-at="2017-01-31T14:47:09Z">
          <reporter-output>
          </reporter-output>
        </test-method> <!-- MainMenuItemsContTest -->
        <test-method status="PASS" signature="MainMenuItemsTest()[pri:0, instance:MainIndependent@506e6d5e]" name="MainMenuItemsTest" duration-ms="8976" started-at="2017-01-31T14:47:09Z" description="#3.2 Main menu items test" finished-at="2017-01-31T14:47:18Z">
          <reporter-output>
          </reporter-output>
        </test-method> <!-- MainMenuItemsTest -->
        <test-method status="PASS" signature="MainPageTitleTest()[pri:0, instance:MainIndependent@506e6d5e]" name="MainPageTitleTest" duration-ms="8109" started-at="2017-01-31T14:47:18Z" description="#2 Main page&#039;s title test" finished-at="2017-01-31T14:47:26Z">
          <reporter-output>
          </reporter-output>
        </test-method> <!-- MainPageTitleTest -->
        <test-method status="PASS" signature="NavigateToDetailsTest()[pri:0, instance:MainIndependent@506e6d5e]" name="NavigateToDetailsTest" duration-ms="9371" started-at="2017-01-31T14:47:26Z" description="#7 Photo and its title navigate to the same page with other picture details" finished-at="2017-01-31T14:47:35Z">
          <reporter-output>
          </reporter-output>
        </test-method> <!-- NavigateToDetailsTest -->
        <test-method status="FAIL" signature="SearchTestPhoto()[pri:0, instance:MainIndependent@506e6d5e]" name="SearchTestPhoto" duration-ms="8630" started-at="2017-01-31T14:47:35Z" description="#13.2 Additional own testing scenarios (Search functionality). Search Photo" finished-at="2017-01-31T14:47:44Z">
          <exception class="java.lang.AssertionError">
            <message>
              <![CDATA[Your search returned incorrect results, possibly due Firefox!   expected [true] but found [false]]]>
            </message>
            <full-stacktrace>
              <![CDATA[java.lang.AssertionError: Your search returned incorrect results, possibly due Firefox!   expected [true] but found [false]
	at org.testng.Assert.fail(Assert.java:94)
	at org.testng.Assert.failNotEquals(Assert.java:513)
	at org.testng.Assert.assertEqualsImpl(Assert.java:135)
	at org.testng.Assert.assertEquals(Assert.java:116)
	at org.testng.Assert.assertEquals(Assert.java:305)
	at MainIndependent.SearchTestPhoto(MainIndependent.java:253)
	at sun.reflect.NativeMethodAccessorImpl.invoke0(Native Method)
	at sun.reflect.NativeMethodAccessorImpl.invoke(NativeMethodAccessorImpl.java:62)
	at sun.reflect.DelegatingMethodAccessorImpl.invoke(DelegatingMethodAccessorImpl.java:43)
	at java.lang.reflect.Method.invoke(Method.java:498)
	at org.testng.internal.MethodInvocationHelper.invokeMethod(MethodInvocationHelper.java:104)
	at org.testng.internal.Invoker.invokeMethod(Invoker.java:645)
	at org.testng.internal.Invoker.invokeTestMethod(Invoker.java:851)
	at org.testng.internal.Invoker.invokeTestMethods(Invoker.java:1177)
	at org.testng.internal.TestMethodWorker.invokeTestMethods(TestMethodWorker.java:129)
	at org.testng.internal.TestMethodWorker.run(TestMethodWorker.java:112)
	at org.testng.TestRunner.privateRun(TestRunner.java:756)
	at org.testng.TestRunner.run(TestRunner.java:610)
	at org.testng.SuiteRunner.runTest(SuiteRunner.java:387)
	at org.testng.SuiteRunner.access$000(SuiteRunner.java:39)
	at org.testng.SuiteRunner$SuiteWorker.run(SuiteRunner.java:421)
	at org.testng.internal.thread.ThreadUtil$2.call(ThreadUtil.java:64)
	at java.util.concurrent.FutureTask.run(FutureTask.java:266)
	at java.util.concurrent.ThreadPoolExecutor.runWorker(ThreadPoolExecutor.java:1142)
	at java.util.concurrent.ThreadPoolExecutor$Worker.run(ThreadPoolExecutor.java:617)
	at java.lang.Thread.run(Thread.java:745)
]]>
            </full-stacktrace>
          </exception> <!-- java.lang.AssertionError -->
          <reporter-output>
            <line>
              <![CDATA[<a href='C:\Users\Uladzimir_Papeka\IdeaProjects\EPAM\epamPracticeTask-Flickr-\target\surefire-reports\failure_screenshots\SearchTestPhoto_31_01_2017_02_47_44.png'> <img src='C:\Users\Uladzimir_Papeka\IdeaProjects\EPAM\epamPracticeTask-Flickr-\target\surefire-reports\failure_screenshots\SearchTestPhoto_31_01_2017_02_47_44.png' height='100' width='100'/> </a>]]>
            </line>
            <line>
              <![CDATA[<a href='C:\Users\Uladzimir_Papeka\IdeaProjects\EPAM\epamPracticeTask-Flickr-\target\surefire-reports\failure_screenshots\SearchTestPhoto_31_01_2017_02_47_44.png'> <img src='C:\Users\Uladzimir_Papeka\IdeaProjects\EPAM\epamPracticeTask-Flickr-\target\surefire-reports\failure_screenshots\SearchTestPhoto_31_01_2017_02_47_44.png' height='100' width='100'/> </a>]]>
            </line>
          </reporter-output>
        </test-method> <!-- SearchTestPhoto -->
        <test-method status="PASS" signature="SearchTestUrl()[pri:0, instance:MainIndependent@506e6d5e]" name="SearchTestUrl" duration-ms="6010" started-at="2017-01-31T14:47:45Z" description="#13.1 Additional own testing scenarios (Search functionality). Search Url" finished-at="2017-01-31T14:47:51Z">
          <reporter-output>
          </reporter-output>
        </test-method> <!-- SearchTestUrl -->
        <test-method status="PASS" signature="SubMenuItemsTest()[pri:0, instance:MainIndependent@506e6d5e]" name="SubMenuItemsTest" duration-ms="12069" started-at="2017-01-31T14:47:51Z" description="#4 Sub-menu items contain items" finished-at="2017-01-31T14:48:03Z">
          <reporter-output>
          </reporter-output>
        </test-method> <!-- SubMenuItemsTest -->
        <test-method status="PASS" signature="YouLinkAndNameTest()[pri:0, instance:MainIndependent@506e6d5e]" name="YouLinkAndNameTest" duration-ms="7417" started-at="2017-01-31T14:48:03Z" description="#5 [You]-link and checking username" finished-at="2017-01-31T14:48:10Z">
          <reporter-output>
          </reporter-output>
        </test-method> <!-- YouLinkAndNameTest -->
        <test-method status="PASS" signature="cleanUp()[pri:0, instance:MainIndependent@506e6d5e]" name="cleanUp" is-config="true" duration-ms="0" started-at="2017-01-31T14:48:10Z" description="WebDriver clean up" finished-at="2017-01-31T14:48:10Z">
          <reporter-output>
          </reporter-output>
        </test-method> <!-- cleanUp -->
      </class> <!-- MainIndependent -->
    </test> <!-- flickr testing scenarios 2 -->
  </suite> <!-- parallelTest -->
</testng-results>
